DiagnosticsPlugin.exe Information: 0 : [4.6.2024. 14:13:15] Starting DiagnosticPlugin.exe DiagnosticPlugin-ShutdownEvent DiagnosticPlugin-TotalShutdownEvent -wadVer1v5
DiagnosticsPlugin.exe Error: 0 : [4.6.2024. 14:13:15] Failed to save IIS Directory state
DiagnosticsPlugin.exe Error: 0 : [4.6.2024. 14:13:15] System.Runtime.InteropServices.COMException (0x80040154): Retrieving the COM class factory for component with CLSID {2B72133B-3F5B-4602-8952-803546CE3344} failed due to the following error: 80040154 Class not registered (Exception from HRESULT: 0x80040154 (REGDB_E_CLASSNOTREG)).
   at System.Runtime.Remoting.RemotingServices.AllocateUninitializedObject(RuntimeType objectType)
   at System.Runtime.Remoting.Activation.ActivationServices.CreateInstance(RuntimeType serverType)
   at System.Runtime.Remoting.Activation.ActivationServices.IsCurrentContextOK(RuntimeType serverType, Object[] props, Boolean bNewObj)
   at System.RuntimeTypeHandle.CreateInstance(RuntimeType type, Boolean publicOnly, Boolean noCheck, Boolean& canBeCached, RuntimeMethodHandleInternal& ctor, Boolean& bNeedSecurityCheck)
   at System.RuntimeType.CreateInstanceSlow(Boolean publicOnly, Boolean skipCheckThis, Boolean fillCache, StackCrawlMark& stackMark)
   at System.Activator.CreateInstance[T]()
   at Microsoft.Web.Administration.ConfigurationManager.CreateAdminManager[TClass,TInterface](WebConfigurationMap webConfigMap, Boolean isAdminConfig, Boolean isRedirectionConfig)
   at Microsoft.Web.Administration.ConfigurationManager.CreateWritableAdminManager(WebConfigurationMap webConfigMap, String configPathToEdit, Boolean isAdminConfig, Boolean isRedirectionConfig)
   at Microsoft.Web.Administration.ConfigurationManager.CreateConfiguration(WebConfigurationMap configMap, String configPathToEdit, Boolean isAdminConfig, Boolean isRedirectionConfig)
   at Microsoft.Web.Administration.ConfigurationManager.GetConfiguration(String rawConfigurationPath, String cacheKey, Boolean isAdminConfig, Boolean isRedirectionConfig)
   at Microsoft.Web.Administration.ConfigurationManager.GetApplicationHostConfiguration()
   at Microsoft.Web.Administration.ServerManager.SitesSectionCreator()
   at Microsoft.Web.Administration.Lazy.Initialize[T](T& target, CreateInstanceDelegate`1 valueFactory)
   at Microsoft.Web.Administration.ServerManager.SitesCollectionCreator()
   at Microsoft.Web.Administration.Lazy.Initialize[T](T& target, CreateInstanceDelegate`1 valueFactory)
   at Microsoft.Azure.Plugins.Plugin.DiagnosticsPluginManager.SaveIISDirectoryState()
DiagnosticsPlugin.exe Information: 0 : [4.6.2024. 14:13:15] Starting DiagnosticsPlugin
DiagnosticsPlugin.exe Information: 0 : [4.6.2024. 14:13:15] Emulator config file set to C:\Users\korisnik\Desktop\projekatcloud2\ProjekatCloud\ProjekatCloud\ProjekatCloud\csx\Debug\roles\HealthMonitoringService\approot\diagnostics.wadcfgx
DiagnosticsPlugin.exe Information: 0 : [4.6.2024. 14:13:15] DiagnosticsStoreRootPath set to: C:\Users\korisnik\AppData\Local\dftmp\Resources\38de5dd1-891f-445b-aa21-84949dda5bd4
DiagnosticsPlugin.exe Information: 0 : [4.6.2024. 14:13:15] Loading config file: C:\Users\korisnik\Desktop\projekatcloud2\ProjekatCloud\ProjekatCloud\ProjekatCloud\csx\Debug\roles\HealthMonitoringService\approot\diagnostics.wadcfgx
DiagnosticsPlugin.exe Information: 0 : [4.6.2024. 14:13:15] Config file to read: C:\Users\korisnik\Desktop\projekatcloud2\ProjekatCloud\ProjekatCloud\ProjekatCloud\csx\Debug\roles\HealthMonitoringService\approot\diagnostics.wadcfgx
DiagnosticsPlugin.exe Information: 0 : [4.6.2024. 14:13:15] Checking VM Type
DiagnosticsPlugin.exe Information: 0 : [4.6.2024. 14:13:15] Emulator config file set to C:\Users\korisnik\Desktop\projekatcloud2\ProjekatCloud\ProjekatCloud\ProjekatCloud\csx\Debug\roles\HealthMonitoringService\approot\diagnostics.wadcfgx
DiagnosticsPlugin.exe Information: 0 : [4.6.2024. 14:13:15] Extension set to Emulator Mode
DiagnosticsPlugin.exe Information: 0 : [4.6.2024. 14:13:15] Reading XML configuration file
DiagnosticsPlugin.exe Information: 0 : [4.6.2024. 14:13:15] Bypassing private config decryption
DiagnosticsPlugin.exe Information: 0 : [4.6.2024. 14:13:15] WadCfg is provided in initial configuration. Using that to initialize Diagnostics.
DiagnosticsPlugin.exe Information: 0 : [4.6.2024. 14:13:15] <PublicConfig xmlns="http://schemas.microsoft.com/ServiceHosting/2010/10/DiagnosticsConfiguration">
  <WadCfg>
    <DiagnosticMonitorConfiguration overallQuotaInMB="4096">
      <DiagnosticInfrastructureLogs scheduledTransferLogLevelFilter="Error" />
      <Logs scheduledTransferPeriod="PT1M" scheduledTransferLogLevelFilter="Error" />
      <Directories scheduledTransferPeriod="PT1M">
        <IISLogs containerName="wad-iis-logfiles" />
        <FailedRequestLogs containerName="wad-failedrequestlogs" />
      </Directories>
      <WindowsEventLog scheduledTransferPeriod="PT1M">
        <DataSource name="Application!*[System[(Level=1 or Level=2 or Level=3)]]" />
        <DataSource name="Windows Azure!*[System[(Level=1 or Level=2 or Level=3 or Level=4)]]" />
      </WindowsEventLog>
      <CrashDumps containerName="wad-crashdumps" dumpType="Mini">
        <CrashDumpConfiguration processName="WaIISHost.exe" />
        <CrashDumpConfiguration processName="WaWorkerHost.exe" />
        <CrashDumpConfiguration processName="w3wp.exe" />
      </CrashDumps>
      <PerformanceCounters scheduledTransferPeriod="PT1M">
        <PerformanceCounterConfiguration counterSpecifier="\Memory\Available MBytes" sampleRate="PT3M" />
        <PerformanceCounterConfiguration counterSpecifier="\Web Service(_Total)\ISAPI Extension Requests/sec" sampleRate="PT3M" />
        <PerformanceCounterConfiguration counterSpecifier="\Web Service(_Total)\Bytes Total/Sec" sampleRate="PT3M" />
        <PerformanceCounterConfiguration counterSpecifier="\ASP.NET Applications(__Total__)\Requests/Sec" sampleRate="PT3M" />
        <PerformanceCounterConfiguration counterSpecifier="\ASP.NET Applications(__Total__)\Errors Total/Sec" sampleRate="PT3M" />
        <PerformanceCounterConfiguration counterSpecifier="\ASP.NET\Requests Queued" sampleRate="PT3M" />
        <PerformanceCounterConfiguration counterSpecifier="\ASP.NET\Requests Rejected" sampleRate="PT3M" />
        <PerformanceCounterConfiguration counterSpecifier="\Processor(_Total)\% Processor Time" sampleRate="PT3M" />
      </PerformanceCounters>
    </DiagnosticMonitorConfiguration>
  </WadCfg>
  <StorageAccount>devstoreaccount1</StorageAccount>
</PublicConfig>
DiagnosticsPlugin.exe Information: 0 : [4.6.2024. 14:13:15] Private setting is loaded
DiagnosticsPlugin.exe Information: 0 : [4.6.2024. 14:13:15] Is config json/xml loaded
DiagnosticsPlugin.exe Information: 0 : [4.6.2024. 14:13:15] Checking if configuration needs to be fetched from the storage account and doing so if needed.
DiagnosticsPlugin.exe Information: 0 : [4.6.2024. 14:13:16] Successfully created checkpoint file C:\Users\korisnik\AppData\Local\dftmp\Resources\38de5dd1-891f-445b-aa21-84949dda5bd4\WAD0105\Configuration\Checkpoint.txt
DiagnosticsPlugin.exe Information: 0 : [4.6.2024. 14:13:16] Will use local resource directory C:\Users\korisnik\AppData\Local\dftmp\Resources\38de5dd1-891f-445b-aa21-84949dda5bd4\WAD0105
DiagnosticsPlugin.exe Information: 0 : [4.6.2024. 14:13:16] Will use endpoint https://core.windows.net for storage.
DiagnosticsPlugin.exe Information: 0 : [4.6.2024. 14:13:17] Exception in creating the ServerManager; is IIS installed?
 Error:System.Runtime.InteropServices.COMException (0x80040154): Retrieving the COM class factory for component with CLSID {2B72133B-3F5B-4602-8952-803546CE3344} failed due to the following error: 80040154 Class not registered (Exception from HRESULT: 0x80040154 (REGDB_E_CLASSNOTREG)).
   at System.Runtime.Remoting.RemotingServices.AllocateUninitializedObject(RuntimeType objectType)
   at System.Runtime.Remoting.Activation.ActivationServices.CreateInstance(RuntimeType serverType)
   at System.Runtime.Remoting.Activation.ActivationServices.IsCurrentContextOK(RuntimeType serverType, Object[] props, Boolean bNewObj)
   at System.RuntimeTypeHandle.CreateInstance(RuntimeType type, Boolean publicOnly, Boolean noCheck, Boolean& canBeCached, RuntimeMethodHandleInternal& ctor, Boolean& bNeedSecurityCheck)
   at System.RuntimeType.CreateInstanceSlow(Boolean publicOnly, Boolean skipCheckThis, Boolean fillCache, StackCrawlMark& stackMark)
   at System.Activator.CreateInstance[T]()
   at Microsoft.Web.Administration.ConfigurationManager.CreateAdminManager[TClass,TInterface](WebConfigurationMap webConfigMap, Boolean isAdminConfig, Boolean isRedirectionConfig)
   at Microsoft.Web.Administration.ConfigurationManager.CreateWritableAdminManager(WebConfigurationMap webConfigMap, String configPathToEdit, Boolean isAdminConfig, Boolean isRedirectionConfig)
   at Microsoft.Web.Administration.ConfigurationManager.CreateConfiguration(WebConfigurationMap configMap, String configPathToEdit, Boolean isAdminConfig, Boolean isRedirectionConfig)
   at Microsoft.Web.Administration.ConfigurationManager.GetConfiguration(String rawConfigurationPath, String cacheKey, Boolean isAdminConfig, Boolean isRedirectionConfig)
   at Microsoft.Web.Administration.ConfigurationManager.GetApplicationHostConfiguration()
   at Microsoft.Web.Administration.ServerManager.SitesSectionCreator()
   at Microsoft.Web.Administration.Lazy.Initialize[T](T& target, CreateInstanceDelegate`1 valueFactory)
   at Microsoft.Web.Administration.ServerManager.SitesCollectionCreator()
   at Microsoft.Web.Administration.Lazy.Initialize[T](T& target, CreateInstanceDelegate`1 valueFactory)
   at Microsoft.Azure.Plugins.Plugin.WadConfigProcessor.AddDirectories(EventsType mdsEvents, Directories wadDirectories)
DiagnosticsPlugin.exe Information: 0 : [4.6.2024. 14:13:17] Running in emulator mode, crash dumps not enabled
DiagnosticsPlugin.exe Information: 0 : [4.6.2024. 14:13:17] Checking to see if Application Insights extension needs to be configured.
DiagnosticsPlugin.exe Information: 0 : [4.6.2024. 14:13:18] In emulator mode and using devstore updating XStoreAccount info, command line args: -LocalPath "C:\Users\korisnik\AppData\Local\dftmp\Resources\38de5dd1-891f-445b-aa21-84949dda5bd4\WAD0105"  -ConfigFile "C:\Users\korisnik\AppData\Local\dftmp\Resources\38de5dd1-891f-445b-aa21-84949dda5bd4\WAD0105\Configuration\MaConfig.xml" -ShutDownEvent WADDM-ShutDown-72a07e12a35149e58a12a127dc8c47f9  -TotalShutDownEvent WADDM-TotalShutDown-72a07e12a35149e58a12a127dc8c47f9 -InitializedEvent WADM-StartUp-72a07e12a35149e58a12a127dc8c47f9 -parent 26848 -events -wadVer1v5 -UseProxyServer -XStoreAccounts WadAccount#true#devstoreaccount1#Eby8vdM02xNOcqFlqUwJPLlmEtlCDXJ1OUzFT50uSRZ6IFsuFq2UVErCz4I6tq/K1SZFPTOtr/KBHBeksoGMGw==#http://127.0.0.1:10002#http://127.0.0.1:10001#http://127.0.0.1:10000
DiagnosticsPlugin.exe Error: 0 : [4.6.2024. 14:13:48] Microsoft.Cis.Monitoring.Query.QueryException: ErrorFail
   at Microsoft.Cis.Monitoring.Query.QueryLocalTable..ctor(String TableName, String TablePath)
   at ApplicationInsightsExtension.MATableReader.ReadTableRecords(String tableName, String tablePath, DateTime startTime, DateTime endTime)
   at Microsoft.Azure.Plugins.Diagnostics.dll.MAStatusWriter.UpdateStatusReport(Object sender, ElapsedEventArgs e)
DiagnosticsPlugin.exe Information: 0 : [4.6.2024. 14:14:18] MonAgentHost.exe started
DiagnosticsPlugin.exe Information: 0 : [4.6.2024. 14:14:18] DiagnoticsPlugin started.
DiagnosticsPlugin.exe Information: 0 : [4.6.2024. 14:14:18] DiagnoticsPlugin now waiting on events "DiagnosticPlugin-ShutdownEvent", "DiagnosticPlugin-TotalShutdownEvent" or "DiagnosticPlugin-RestartEvent".
DiagnosticsPlugin.exe Error: 0 : [4.6.2024. 14:14:18] Microsoft.Cis.Monitoring.Query.QueryException: ErrorFail
   at Microsoft.Cis.Monitoring.Query.QueryLocalTable..ctor(String TableName, String TablePath)
   at ApplicationInsightsExtension.MATableReader.ReadTableRecords(String tableName, String tablePath, DateTime startTime, DateTime endTime)
   at Microsoft.Azure.Plugins.Diagnostics.dll.MAStatusWriter.UpdateStatusReport(Object sender, ElapsedEventArgs e)
DiagnosticsPlugin.exe Error: 0 : [4.6.2024. 14:14:48] Microsoft.Cis.Monitoring.Query.QueryException: ErrorFail
   at Microsoft.Cis.Monitoring.Query.QueryLocalTable..ctor(String TableName, String TablePath)
   at ApplicationInsightsExtension.MATableReader.ReadTableRecords(String tableName, String tablePath, DateTime startTime, DateTime endTime)
   at Microsoft.Azure.Plugins.Diagnostics.dll.MAStatusWriter.UpdateStatusReport(Object sender, ElapsedEventArgs e)
DiagnosticsPlugin.exe Information: 0 : [4.6.2024. 14:15:15] Failed to update IIS Directory state in directory monitor
Retrieving the COM class factory for component with CLSID {2B72133B-3F5B-4602-8952-803546CE3344} failed due to the following error: 80040154 Class not registered (Exception from HRESULT: 0x80040154 (REGDB_E_CLASSNOTREG)).
DiagnosticsPlugin.exe Error: 0 : [4.6.2024. 14:15:18] Microsoft.Cis.Monitoring.Query.QueryException: ErrorFail
   at Microsoft.Cis.Monitoring.Query.QueryLocalTable..ctor(String TableName, String TablePath)
   at ApplicationInsightsExtension.MATableReader.ReadTableRecords(String tableName, String tablePath, DateTime startTime, DateTime endTime)
   at Microsoft.Azure.Plugins.Diagnostics.dll.MAStatusWriter.UpdateStatusReport(Object sender, ElapsedEventArgs e)
DiagnosticsPlugin.exe Error: 0 : [4.6.2024. 14:15:48] Microsoft.Cis.Monitoring.Query.QueryException: ErrorFail
   at Microsoft.Cis.Monitoring.Query.QueryLocalTable..ctor(String TableName, String TablePath)
   at ApplicationInsightsExtension.MATableReader.ReadTableRecords(String tableName, String tablePath, DateTime startTime, DateTime endTime)
   at Microsoft.Azure.Plugins.Diagnostics.dll.MAStatusWriter.UpdateStatusReport(Object sender, ElapsedEventArgs e)
DiagnosticsPlugin.exe Error: 0 : [4.6.2024. 14:16:18] Microsoft.Cis.Monitoring.Query.QueryException: ErrorFail
   at Microsoft.Cis.Monitoring.Query.QueryLocalTable..ctor(String TableName, String TablePath)
   at ApplicationInsightsExtension.MATableReader.ReadTableRecords(String tableName, String tablePath, DateTime startTime, DateTime endTime)
   at Microsoft.Azure.Plugins.Diagnostics.dll.MAStatusWriter.UpdateStatusReport(Object sender, ElapsedEventArgs e)
DiagnosticsPlugin.exe Error: 0 : [4.6.2024. 14:16:48] Microsoft.Cis.Monitoring.Query.QueryException: ErrorFail
   at Microsoft.Cis.Monitoring.Query.QueryLocalTable..ctor(String TableName, String TablePath)
   at ApplicationInsightsExtension.MATableReader.ReadTableRecords(String tableName, String tablePath, DateTime startTime, DateTime endTime)
   at Microsoft.Azure.Plugins.Diagnostics.dll.MAStatusWriter.UpdateStatusReport(Object sender, ElapsedEventArgs e)
